{
  "uid" : "4e34802f527a0ff6",
  "name" : "test_6",
  "fullName" : "test_3#test_6",
  "historyId" : "599857ea6c25c92dc6376e6a76e3f849",
  "time" : {
    "start" : 1566181518264,
    "stop" : 1566181518265,
    "duration" : 1
  },
  "status" : "failed",
  "statusMessage" : "AssertionError: assert 0 > 1",
  "statusTrace" : "@allure.feature(\"模块三\")\n    @allure.severity(\"critical\")\n    def test_6():\n>       assert 0 >1\nE       assert 0 > 1\n\ntest_3.py:45: AssertionError",
  "flaky" : false,
  "newFailed" : false,
  "beforeStages" : [ ],
  "afterStages" : [ ],
  "labels" : [ {
    "name" : "severity",
    "value" : "critical"
  }, {
    "name" : "feature",
    "value" : "模块三"
  }, {
    "name" : "parentSuite"
  }, {
    "name" : "suite",
    "value" : "test_3"
  }, {
    "name" : "subSuite"
  }, {
    "name" : "host",
    "value" : "DESKTOP-1ECG2I3"
  }, {
    "name" : "thread",
    "value" : "3392-MainThread"
  }, {
    "name" : "framework",
    "value" : "pytest"
  }, {
    "name" : "language",
    "value" : "cpython3"
  }, {
    "name" : "package",
    "value" : "test_3"
  }, {
    "name" : "resultFormat",
    "value" : "allure2"
  } ],
  "parameters" : [ ],
  "links" : [ ],
  "hidden" : true,
  "retry" : true,
  "extra" : {
    "categories" : [ ],
    "tags" : [ ]
  },
  "source" : "4e34802f527a0ff6.json",
  "parameterValues" : [ ]
}