{
  "uid" : "f92f6f5a8469d787",
  "name" : "test_3",
  "fullName" : "test_3#test_3",
  "historyId" : "c30e049cfce40e7d96439ad218fba7a6",
  "time" : {
    "start" : 1566182964455,
    "stop" : 1566182964455,
    "duration" : 0
  },
  "status" : "failed",
  "statusMessage" : "AssertionError: assert 0 > 1",
  "statusTrace" : "@allure.feature(\"模块二\")\n    @allure.story(\"这是一个很厉害的测试用例\")\n    def test_3():\n>       assert 0>1\nE       assert 0 > 1\n\ntest_3.py:18: AssertionError",
  "flaky" : false,
  "newFailed" : false,
  "beforeStages" : [ ],
  "afterStages" : [ ],
  "labels" : [ {
    "name" : "story",
    "value" : "这是一个很厉害的测试用例"
  }, {
    "name" : "feature",
    "value" : "模块二"
  }, {
    "name" : "parentSuite"
  }, {
    "name" : "suite",
    "value" : "test_3"
  }, {
    "name" : "subSuite"
  }, {
    "name" : "host",
    "value" : "DESKTOP-1ECG2I3"
  }, {
    "name" : "thread",
    "value" : "7208-MainThread"
  }, {
    "name" : "framework",
    "value" : "pytest"
  }, {
    "name" : "language",
    "value" : "cpython3"
  }, {
    "name" : "package",
    "value" : "test_3"
  }, {
    "name" : "resultFormat",
    "value" : "allure2"
  } ],
  "parameters" : [ ],
  "links" : [ ],
  "hidden" : false,
  "retry" : false,
  "extra" : {
    "severity" : "normal",
    "retries" : [ {
      "uid" : "29d83a139620761b",
      "status" : "failed",
      "statusDetails" : "AssertionError: assert 0 > 1",
      "time" : {
        "start" : 1566181853206,
        "stop" : 1566181853207,
        "duration" : 1
      }
    }, {
      "uid" : "bd478705c12516f",
      "status" : "failed",
      "statusDetails" : "AssertionError: assert 0 > 1",
      "time" : {
        "start" : 1566181518158,
        "stop" : 1566181518158,
        "duration" : 0
      }
    }, {
      "uid" : "53a3b2bda1bab5ac",
      "status" : "failed",
      "statusDetails" : "AssertionError: assert 0 > 1",
      "time" : {
        "start" : 1566180923429,
        "stop" : 1566180923429,
        "duration" : 0
      }
    }, {
      "uid" : "7c24fa36fbe55645",
      "status" : "failed",
      "statusDetails" : "AssertionError: assert 0 > 1",
      "time" : {
        "start" : 1566179271124,
        "stop" : 1566179271124,
        "duration" : 0
      }
    } ],
    "categories" : [ {
      "name" : "Product defects",
      "matchedStatuses" : [ ],
      "flaky" : false
    } ],
    "tags" : [ ]
  },
  "source" : "f92f6f5a8469d787.json",
  "parameterValues" : [ ]
}