{"name": "test_8", "status": "failed", "statusDetails": {"message": "AssertionError: assert 0 == 1", "trace": "@allure.feature(\"模块三\")\n    @allure.severity(\"minor\")\n    def test_8():\n>       assert 0 ==1\nE       assert 0 == 1\n\ntest_3.py:53: AssertionError"}, "start": 1566181518291, "stop": 1566181518292, "uuid": "90d605bd-3309-4885-b052-ceb9c260a27a", "historyId": "e3b8211c2110fe920688cc99accdd8a0", "fullName": "test_3#test_8", "labels": [{"name": "severity", "value": "minor"}, {"name": "feature", "value": "模块三"}, {"name": "parentSuite"}, {"name": "suite", "value": "test_3"}, {"name": "subSuite"}, {"name": "host", "value": "DESKTOP-1ECG2I3"}, {"name": "thread", "value": "3392-MainThread"}, {"name": "framework", "value": "pytest"}, {"name": "language", "value": "cpython3"}, {"name": "package", "value": "test_3"}]}