{"name": "test_6", "status": "failed", "statusDetails": {"message": "AssertionError: assert 0 > 1", "trace": "@allure.feature(\"模块三\")\n    @allure.severity(\"critical\")\n    def test_6():\n>       assert 0 >1\nE       assert 0 > 1\n\ntest_3.py:45: AssertionError"}, "start": 1566182964600, "stop": 1566182964600, "uuid": "d2cfbb4d-5c62-46c6-ba8a-434b791d588a", "historyId": "599857ea6c25c92dc6376e6a76e3f849", "fullName": "test_3#test_6", "labels": [{"name": "feature", "value": "模块三"}, {"name": "severity", "value": "critical"}, {"name": "parentSuite"}, {"name": "suite", "value": "test_3"}, {"name": "subSuite"}, {"name": "host", "value": "DESKTOP-1ECG2I3"}, {"name": "thread", "value": "7208-MainThread"}, {"name": "framework", "value": "pytest"}, {"name": "language", "value": "cpython3"}, {"name": "package", "value": "test_3"}]}